INFO:rq.worker:default: Job OK (6ea4bd80-3d00-44f6-860e-1a1d8be6ccba)
INFO:rq.worker:Result is kept for 500 seconds
CRITICAL:newspaper.network:[REQUEST FAILED] 403 Client Error: Forbidden for url: http://especiais.g1.globo.com/
CRITICAL:newspaper.network:[REQUEST FAILED] ('Connection aborted.', ConnectionResetError(54, 'Connection reset by peer'))
INFO:rq.worker:[32mdefault[39;49;00m: [34mJob OK[39;49;00m (1e34c69f-47ad-4e78-8746-e763833e55b9)
INFO:rq.worker:Result is kept for 500 seconds
INFO:rq.worker:[32mdefault[39;49;00m: [34mJob OK[39;49;00m (6c8f2d84-25f9-4af7-9f67-cadad732e1dd)
INFO:rq.worker:Result is kept for 500 seconds
CRITICAL:newspaper.network:[REQUEST FAILED] 403 Client Error: Forbidden for url: http://especiais.g1.globo.com/
INFO:rq.worker:[32mdefault[39;49;00m: [34mJob OK[39;49;00m (d8289f69-f4e3-4763-90a7-f0369d4d7457)
INFO:rq.worker:Result is kept for 500 seconds
CRITICAL:newspaper.network:[REQUEST FAILED] 403 Client Error: Forbidden for url: http://especiais.g1.globo.com/
INFO:rq.worker:[32mdefault[39;49;00m: [34mJob OK[39;49;00m (8f74f44a-4a34-4457-9b27-3d85d92cd50e)
INFO:rq.worker:Result is kept for 500 seconds
CRITICAL:newspaper.network:[REQUEST FAILED] 403 Client Error: Forbidden for url: http://especiais.g1.globo.com/
CRITICAL:newspaper.network:[REQUEST FAILED] HTTPConnectionPool(host='cbn.globoradio.globo.com', port=80): Max retries exceeded with url: / (Caused by ConnectTimeoutError(<requests.packages.urllib3.connection.HTTPConnection object at 0x10fefeb70>, 'Connection to cbn.globoradio.globo.com timed out. (connect timeout=7)'))
INFO:rq.worker:[32mdefault[39;49;00m: [34mJob OK[39;49;00m (2b1e8eac-66b2-4d52-8605-fd70bb95f95e)
INFO:rq.worker:Result is kept for 500 seconds
INFO:rq.worker:[32mdefault[39;49;00m: [34mJob OK[39;49;00m (2b865494-cc13-4eaa-8271-b6e28e94b60f)
INFO:rq.worker:Result is kept for 500 seconds
INFO:rq.worker:[32mdefault[39;49;00m: [34mJob OK[39;49;00m (7c740d33-7f35-4d89-b50a-ee740716fe3e)
INFO:rq.worker:Result is kept for 500 seconds
INFO:rq.worker:[32mdefault[39;49;00m: [34mJob OK[39;49;00m (30f38ade-09b9-4f52-a08b-fd4f16abb136)
INFO:rq.worker:Result is kept for 500 seconds
INFO:rq.worker:[32mdefault[39;49;00m: [34mJob OK[39;49;00m (2d9753c8-1021-454c-bf86-668d5c8b8dfc)
INFO:rq.worker:Result is kept for 500 seconds
CRITICAL:newspaper.network:[REQUEST FAILED] 403 Client Error: Forbidden for url: http://especiais.g1.globo.com/
INFO:rq.worker:[32mdefault[39;49;00m: [34mJob OK[39;49;00m (5dc4f5f0-5b66-49b8-ab20-7cc61ddddcc7)
INFO:rq.worker:Result is kept for 500 seconds
INFO:rq.worker:[32mdefault[39;49;00m: [34mJob OK[39;49;00m (f48b7dcd-3b18-4d28-9ae6-30548b63da29)
INFO:rq.worker:Result is kept for 500 seconds
INFO:rq.worker:[32mdefault[39;49;00m: [34mJob OK[39;49;00m (df9c8ef5-7b09-4263-b3bf-4f979aa806df)
INFO:rq.worker:Result is kept for 500 seconds
CRITICAL:newspaper.network:[REQUEST FAILED] HTTPConnectionPool(host='imagens.ebc.com.br', port=80): Read timed out. (read timeout=7)
INFO:rq.worker:[32mdefault[39;49;00m: [34mJob OK[39;49;00m (7130f493-d547-4a69-a5b3-787e452727e7)
INFO:rq.worker:Result is kept for 500 seconds
INFO:rq.worker:[32mdefault[39;49;00m: [34mJob OK[39;49;00m (cd432944-72d3-4e04-9a85-98ec7a5572d8)
INFO:rq.worker:Result is kept for 500 seconds
CRITICAL:newspaper.network:[REQUEST FAILED] 400 Client Error: Bad Request for url: http://imagens.ebc.com.br/
INFO:rq.worker:[32mdefault[39;49;00m: [34mJob OK[39;49;00m (a28d4c0a-d383-4ce5-bf2e-db31afccab04)
INFO:rq.worker:Result is kept for 500 seconds
INFO:rq.worker:[32mdefault[39;49;00m: [34mJob OK[39;49;00m (463537bd-90a0-4ed0-a3f5-e958fe6518db)
INFO:rq.worker:Result is kept for 500 seconds
CRITICAL:newspaper.network:[REQUEST FAILED] 403 Client Error: Forbidden for url: http://especiais.g1.globo.com/
INFO:rq.worker:[32mdefault[39;49;00m: [34mJob OK[39;49;00m (3025b778-4c66-4cd9-b602-96b271cf5f0a)
INFO:rq.worker:Result is kept for 500 seconds
CRITICAL:newspaper.network:[REQUEST FAILED] 403 Client Error: Forbidden for url: http://especiais.g1.globo.com/
