ERROR:rq.worker:TypeError: byte indices must be integers or slices, not str
Traceback (most recent call last):
  File "/Users/joaogabriellima/anaconda/lib/python3.6/site-packages/rq/worker.py", line 700, in perform_job
    rv = job.perform()
  File "/Users/joaogabriellima/anaconda/lib/python3.6/site-packages/rq/job.py", line 500, in perform
    self._result = self.func(*self.args, **self.kwargs)
  File "/Users/joaogabriellima/Documents/Epitrack/clinio/clinio-alerts/core/jobs/job_info_extractor.py", line 19, in start_extractor
    i.run()
  File "/Users/joaogabriellima/Documents/Epitrack/clinio/clinio-alerts/core/InfoExtractor.py", line 61, in run
    self.info_nlp()
  File "/Users/joaogabriellima/Documents/Epitrack/clinio/clinio-alerts/core/InfoExtractor.py", line 100, in info_nlp
    self.info['nlp']['state_cities'] = self.extract_state_cities(self.text)
  File "/Users/joaogabriellima/Documents/Epitrack/clinio/clinio-alerts/core/InfoExtractor.py", line 195, in extract_state_cities
    estados_filtrados, estados_siglas, siglas_filtrados, siglas_cidades = self.read_state_cities()
  File "/Users/joaogabriellima/Documents/Epitrack/clinio/clinio-alerts/core/InfoExtractor.py", line 147, in read_state_cities
    estados = states_cites['estados']
TypeError: byte indices must be integers or slices, not str
Traceback (most recent call last):
  File "/Users/joaogabriellima/anaconda/lib/python3.6/site-packages/rq/worker.py", line 700, in perform_job
    rv = job.perform()
  File "/Users/joaogabriellima/anaconda/lib/python3.6/site-packages/rq/job.py", line 500, in perform
    self._result = self.func(*self.args, **self.kwargs)
  File "/Users/joaogabriellima/Documents/Epitrack/clinio/clinio-alerts/core/jobs/job_info_extractor.py", line 19, in start_extractor
    i.run()
  File "/Users/joaogabriellima/Documents/Epitrack/clinio/clinio-alerts/core/InfoExtractor.py", line 61, in run
    self.info_nlp()
  File "/Users/joaogabriellima/Documents/Epitrack/clinio/clinio-alerts/core/InfoExtractor.py", line 100, in info_nlp
    self.info['nlp']['state_cities'] = self.extract_state_cities(self.text)
  File "/Users/joaogabriellima/Documents/Epitrack/clinio/clinio-alerts/core/InfoExtractor.py", line 195, in extract_state_cities
    estados_filtrados, estados_siglas, siglas_filtrados, siglas_cidades = self.read_state_cities()
  File "/Users/joaogabriellima/Documents/Epitrack/clinio/clinio-alerts/core/InfoExtractor.py", line 147, in read_state_cities
    estados = states_cites['estados']
TypeError: byte indices must be integers or slices, not str
WARNING:rq.worker:Moving job to 'failed' queue
CRITICAL:newspaper.network:[REQUEST FAILED] HTTPConnectionPool(host='iris.paho.org', port=80): Read timed out. (read timeout=7)
INFO:rq.worker:default: Job OK (0ba133e8-8902-44bd-86ea-3ce749042ae8)
INFO:rq.worker:Result is kept for 500 seconds
CRITICAL:newspaper.network:[REQUEST FAILED] 403 Client Error: Forbidden for url: http://especiais.g1.globo.com/
CRITICAL:newspaper.network:[REQUEST FAILED] ('Connection aborted.', ConnectionResetError(54, 'Connection reset by peer'))
ERROR:rq.worker:TypeError: get_connection() missing 1 required positional argument: 'self'
Traceback (most recent call last):
  File "/Users/joaogabriellima/anaconda/lib/python3.6/site-packages/rq/worker.py", line 700, in perform_job
    rv = job.perform()
  File "/Users/joaogabriellima/anaconda/lib/python3.6/site-packages/rq/job.py", line 500, in perform
    self._result = self.func(*self.args, **self.kwargs)
  File "/Users/joaogabriellima/Documents/Epitrack/clinio/clinio-alerts/core/jobs/job_info_extractor.py", line 21, in start_extractor
    i.persist()
  File "/Users/joaogabriellima/Documents/Epitrack/clinio/clinio-alerts/core/InfoExtractor.py", line 289, in persist
    Connection.get_connection().push(alert)
TypeError: get_connection() missing 1 required positional argument: 'self'
Traceback (most recent call last):
  File "/Users/joaogabriellima/anaconda/lib/python3.6/site-packages/rq/worker.py", line 700, in perform_job
    rv = job.perform()
  File "/Users/joaogabriellima/anaconda/lib/python3.6/site-packages/rq/job.py", line 500, in perform
    self._result = self.func(*self.args, **self.kwargs)
  File "/Users/joaogabriellima/Documents/Epitrack/clinio/clinio-alerts/core/jobs/job_info_extractor.py", line 21, in start_extractor
    i.persist()
  File "/Users/joaogabriellima/Documents/Epitrack/clinio/clinio-alerts/core/InfoExtractor.py", line 289, in persist
    Connection.get_connection().push(alert)
TypeError: get_connection() missing 1 required positional argument: 'self'
WARNING:rq.worker:Moving job to 'failed' queue
INFO:rq.worker:default: Job OK (10b26509-357f-4b08-b431-eb98eb853194)
INFO:rq.worker:Result is kept for 500 seconds
INFO:rq.worker:default: Job OK (c7e757a1-f615-4861-852e-67c176338687)
INFO:rq.worker:Result is kept for 500 seconds
INFO:rq.worker:default: Job OK (4e4a045d-f7ea-4491-b703-9ca1fd73e3c6)
INFO:rq.worker:Result is kept for 500 seconds
INFO:rq.worker:default: Job OK (bf004497-de15-4e4d-94c9-c7193ab177e9)
INFO:rq.worker:Result is kept for 500 seconds
CRITICAL:newspaper.network:[REQUEST FAILED] 403 Client Error: Forbidden for url: http://especiais.g1.globo.com/
ERROR:rq.worker:TypeError: get_connection() missing 1 required positional argument: 'self'
Traceback (most recent call last):
  File "/Users/joaogabriellima/anaconda/lib/python3.6/site-packages/rq/worker.py", line 700, in perform_job
    rv = job.perform()
  File "/Users/joaogabriellima/anaconda/lib/python3.6/site-packages/rq/job.py", line 500, in perform
    self._result = self.func(*self.args, **self.kwargs)
  File "/Users/joaogabriellima/Documents/Epitrack/clinio/clinio-alerts/core/jobs/job_info_extractor.py", line 21, in start_extractor
    i.persist()
  File "/Users/joaogabriellima/Documents/Epitrack/clinio/clinio-alerts/core/InfoExtractor.py", line 289, in persist
    Connection.get_connection().push(alert)
TypeError: get_connection() missing 1 required positional argument: 'self'
Traceback (most recent call last):
  File "/Users/joaogabriellima/anaconda/lib/python3.6/site-packages/rq/worker.py", line 700, in perform_job
    rv = job.perform()
  File "/Users/joaogabriellima/anaconda/lib/python3.6/site-packages/rq/job.py", line 500, in perform
    self._result = self.func(*self.args, **self.kwargs)
  File "/Users/joaogabriellima/Documents/Epitrack/clinio/clinio-alerts/core/jobs/job_info_extractor.py", line 21, in start_extractor
    i.persist()
  File "/Users/joaogabriellima/Documents/Epitrack/clinio/clinio-alerts/core/InfoExtractor.py", line 289, in persist
    Connection.get_connection().push(alert)
TypeError: get_connection() missing 1 required positional argument: 'self'
WARNING:rq.worker:Moving job to 'failed' queue
INFO:rq.worker:default: Job OK (551d0a77-95f1-4e29-ac0a-e098ccc3187d)
INFO:rq.worker:Result is kept for 500 seconds
CRITICAL:newspaper.network:[REQUEST FAILED] 400 Client Error: Bad Request for url: http://imagens.ebc.com.br/
CRITICAL:newspaper.network:[REQUEST FAILED] 400 Client Error: Bad Request for url: http://imagens.ebc.com.br/
INFO:rq.worker:default: Job OK (22add959-53a5-4858-b5f4-b359c8e5baaf)
INFO:rq.worker:Result is kept for 500 seconds
INFO:rq.worker:default: Job OK (86b9fd09-92ad-436a-a9a8-0fe64c51ab3a)
INFO:rq.worker:Result is kept for 500 seconds
CRITICAL:newspaper.network:[REQUEST FAILED] 403 Client Error: Forbidden for url: http://especiais.g1.globo.com/
CRITICAL:newspaper.network:[REQUEST FAILED] ('Connection aborted.', ConnectionResetError(54, 'Connection reset by peer'))
CRITICAL:newspaper.network:[REQUEST FAILED] ('Connection aborted.', ConnectionResetError(54, 'Connection reset by peer'))
INFO:rq.worker:default: Job OK (479ae74c-b75d-456b-b23b-4175d3c3f290)
INFO:rq.worker:Result is kept for 500 seconds
CRITICAL:newspaper.network:[REQUEST FAILED] 403 Client Error: Forbidden for url: http://especiais.g1.globo.com/
CRITICAL:newspaper.network:[REQUEST FAILED] ('Connection aborted.', ConnectionResetError(54, 'Connection reset by peer'))
INFO:rq.worker:default: Job OK (3d5a0b37-1857-4942-bdaa-ea392664b000)
INFO:rq.worker:Result is kept for 500 seconds
CRITICAL:newspaper.network:[REQUEST FAILED] 404 Client Error: Not Found for url: http://www.bemparana.com.br/todaletra/comments/feed/
CRITICAL:newspaper.network:[REQUEST FAILED] 404 Client Error: Not Found for url: http://www.bemparana.com.br/stella/comments/feed/
CRITICAL:newspaper.network:[REQUEST FAILED] HTTPConnectionPool(host='www.bemparana.com.br', port=80): Read timed out. (read timeout=7)
INFO:rq.worker:default: Job OK (40d5bae9-fe52-4735-9ab7-37ce7afce955)
INFO:rq.worker:Result is kept for 500 seconds
INFO:rq.worker:default: Job OK (b157b4a0-490a-4d04-9d3e-f5700fc5012e)
INFO:rq.worker:Result is kept for 500 seconds
INFO:rq.worker:default: Job OK (c8b2185a-e066-4b79-b6f5-0409caffb9c7)
INFO:rq.worker:Result is kept for 500 seconds
INFO:rq.worker:default: Job OK (9cb67d3e-9f3f-47df-b743-b589a81d75fa)
INFO:rq.worker:Result is kept for 500 seconds
INFO:rq.worker:default: Job OK (7eabba39-4cdd-4215-8f5d-bbdfb6b1f1e5)
INFO:rq.worker:Result is kept for 500 seconds
CRITICAL:newspaper.network:[REQUEST FAILED] HTTPConnectionPool(host='www.dn.pt', port=80): Read timed out. (read timeout=7)
CRITICAL:newspaper.network:[REQUEST FAILED] HTTPConnectionPool(host='www.dn.pt', port=80): Read timed out. (read timeout=7)
ERROR:rq.worker:newspaper.article.ArticleException
Traceback (most recent call last):
  File "/Users/joaogabriellima/anaconda/lib/python3.6/site-packages/rq/worker.py", line 700, in perform_job
    rv = job.perform()
  File "/Users/joaogabriellima/anaconda/lib/python3.6/site-packages/rq/job.py", line 500, in perform
    self._result = self.func(*self.args, **self.kwargs)
  File "/Users/joaogabriellima/Documents/Epitrack/clinio/clinio-alerts/core/jobs/job_info_extractor.py", line 19, in start_extractor
    i.run()
  File "/Users/joaogabriellima/Documents/Epitrack/clinio/clinio-alerts/core/InfoExtractor.py", line 59, in run
    self.info_article()
  File "/Users/joaogabriellima/Documents/Epitrack/clinio/clinio-alerts/core/InfoExtractor.py", line 80, in info_article
    article.parse()
  File "/Users/joaogabriellima/anaconda/lib/python3.6/site-packages/newspaper/article.py", line 168, in parse
    raise ArticleException()
newspaper.article.ArticleException
Traceback (most recent call last):
  File "/Users/joaogabriellima/anaconda/lib/python3.6/site-packages/rq/worker.py", line 700, in perform_job
    rv = job.perform()
  File "/Users/joaogabriellima/anaconda/lib/python3.6/site-packages/rq/job.py", line 500, in perform
    self._result = self.func(*self.args, **self.kwargs)
  File "/Users/joaogabriellima/Documents/Epitrack/clinio/clinio-alerts/core/jobs/job_info_extractor.py", line 19, in start_extractor
    i.run()
  File "/Users/joaogabriellima/Documents/Epitrack/clinio/clinio-alerts/core/InfoExtractor.py", line 59, in run
    self.info_article()
  File "/Users/joaogabriellima/Documents/Epitrack/clinio/clinio-alerts/core/InfoExtractor.py", line 80, in info_article
    article.parse()
  File "/Users/joaogabriellima/anaconda/lib/python3.6/site-packages/newspaper/article.py", line 168, in parse
    raise ArticleException()
newspaper.article.ArticleException
WARNING:rq.worker:Moving job to 'failed' queue
INFO:rq.worker:default: Job OK (faa81fa9-954c-43b7-8018-3d006677f561)
INFO:rq.worker:Result is kept for 500 seconds
CRITICAL:newspaper.network:[REQUEST FAILED] 404 Client Error: Not Found for url: http://noticias.sapo.mz/index.php?format=feed&type=rss
CRITICAL:newspaper.network:[REQUEST FAILED] Exceeded 30 redirects.
CRITICAL:newspaper.network:[REQUEST FAILED] Exceeded 30 redirects.
CRITICAL:newspaper.network:[REQUEST FAILED] Exceeded 30 redirects.
CRITICAL:newspaper.network:[REQUEST FAILED] Exceeded 30 redirects.
CRITICAL:newspaper.network:[REQUEST FAILED] Exceeded 30 redirects.
CRITICAL:newspaper.network:[REQUEST FAILED] Exceeded 30 redirects.
CRITICAL:newspaper.network:[REQUEST FAILED] HTTPConnectionPool(host='radioagencianacional.ebc.com.br', port=80): Read timed out. (read timeout=7)
CRITICAL:newspaper.network:[REQUEST FAILED] 403 Client Error: Forbidden for url: http://portalarquivos.saude.gov.br/
INFO:rq.worker:default: Job OK (ec220fa7-f855-417d-a8fd-d052a211e364)
INFO:rq.worker:Result is kept for 500 seconds
CRITICAL:newspaper.network:[REQUEST FAILED] ('Connection aborted.', ConnectionResetError(54, 'Connection reset by peer'))
CRITICAL:newspaper.network:[REQUEST FAILED] ('Connection aborted.', ConnectionResetError(54, 'Connection reset by peer'))
CRITICAL:newspaper.network:[REQUEST FAILED] 403 Client Error: Forbidden for url: http://especiais.g1.globo.com/
CRITICAL:newspaper.network:[REQUEST FAILED] ('Connection aborted.', ConnectionResetError(54, 'Connection reset by peer'))
CRITICAL:newspaper.network:[REQUEST FAILED] ('Connection aborted.', ConnectionResetError(54, 'Connection reset by peer'))
INFO:rq.worker:default: Job OK (d3eb10b7-ed25-4a8a-9dde-e18b0bbd1d83)
INFO:rq.worker:Result is kept for 500 seconds
INFO:rq.worker:default: Job OK (8c43a800-c9b2-4281-8773-b2eb443a0145)
INFO:rq.worker:Result is kept for 500 seconds
CRITICAL:newspaper.network:[REQUEST FAILED] 403 Client Error: Forbidden for url: http://especiais.g1.globo.com/
INFO:rq.worker:default: Job OK (6266b50e-7d32-4f7d-bf4d-f9cb4f95b5e6)
INFO:rq.worker:Result is kept for 500 seconds
INFO:rq.worker:default: Job OK (e3ad1fa8-778a-459e-87d2-2123a80ae1cd)
INFO:rq.worker:Result is kept for 500 seconds
CRITICAL:newspaper.network:[REQUEST FAILED] 404 Client Error: Not Found for url: http://noticias.r7.com/cursos.r7.com
CRITICAL:newspaper.network:[REQUEST FAILED] HTTPConnectionPool(host='recordprogramas.ir7.com.br', port=80): Max retries exceeded with url: /rss.xml (Caused by NewConnectionError('<requests.packages.urllib3.connection.HTTPConnection object at 0x110cee278>: Failed to establish a new connection: [Errno 8] nodename nor servname provided, or not known',))
INFO:rq.worker:default: Job OK (3e9d5f55-9828-4705-b816-fd0281944186)
INFO:rq.worker:Result is kept for 500 seconds
INFO:rq.worker:default: Job OK (db2e1326-0093-41c0-8efe-6370fb6a3df1)
INFO:rq.worker:Result is kept for 500 seconds
INFO:rq.worker:default: Job OK (ebb2c318-f041-46fa-a3b4-3b64b3190759)
INFO:rq.worker:Result is kept for 500 seconds
CRITICAL:newspaper.network:[REQUEST FAILED] 403 Client Error: Forbidden for url: http://portalarquivos.saude.gov.br/
CRITICAL:newspaper.network:[REQUEST FAILED] ("bad handshake: Error([('SSL routines', 'ssl3_get_server_certificate', 'certificate verify failed')],)",)
CRITICAL:newspaper.network:[REQUEST FAILED] HTTPConnectionPool(host='www.blog.saude.gov.br', port=80): Read timed out. (read timeout=7)
INFO:rq.worker:default: Job OK (3530d4d7-789c-4538-9b59-30c4d599714e)
INFO:rq.worker:Result is kept for 500 seconds
CRITICAL:newspaper.network:[REQUEST FAILED] 403 Client Error: Forbidden for url: http://especiais.g1.globo.com/
INFO:rq.worker:default: Job OK (e89e703b-195a-4714-8668-d333ae39f5d6)
INFO:rq.worker:Result is kept for 500 seconds
CRITICAL:newspaper.network:[REQUEST FAILED] 403 Client Error: Forbidden for url: http://especiais.g1.globo.com/
INFO:rq.worker:default: Job OK (b4324b1e-04f1-4692-88f4-f661e724ac2a)
INFO:rq.worker:Result is kept for 500 seconds
INFO:rq.worker:default: Job OK (1ad32872-c224-4b35-95d1-049aa8f634c0)
INFO:rq.worker:Result is kept for 500 seconds
CRITICAL:newspaper.network:[REQUEST FAILED] 403 Client Error: Forbidden for url: http://portalarquivos.saude.gov.br/
INFO:rq.worker:default: Job OK (463775e5-1c10-48bb-a183-25d2af2c9d03)
INFO:rq.worker:Result is kept for 500 seconds
CRITICAL:newspaper.network:[REQUEST FAILED] 403 Client Error: Forbidden for url: http://especiais.g1.globo.com/
INFO:rq.worker:default: Job OK (c547c327-f362-407b-8d54-e8abad5f82fa)
INFO:rq.worker:Result is kept for 500 seconds
CRITICAL:newspaper.network:[REQUEST FAILED] 403 Client Error: Forbidden for url: http://especiais.g1.globo.com/
CRITICAL:newspaper.network:[REQUEST FAILED] ('Connection aborted.', RemoteDisconnected('Remote end closed connection without response',))
INFO:rq.worker:default: Job OK (9bd037b0-0842-43ae-8c16-8a4a20aebef9)
INFO:rq.worker:Result is kept for 500 seconds
INFO:rq.worker:default: Job OK (fed45649-7598-43d0-af6b-0c50862190ff)
INFO:rq.worker:Result is kept for 500 seconds
CRITICAL:newspaper.network:[REQUEST FAILED] 403 Client Error: Forbidden for url: http://especiais.g1.globo.com/
INFO:rq.worker:default: Job OK (f528051e-5767-4942-a232-13d014288c13)
INFO:rq.worker:Result is kept for 500 seconds
INFO:rq.worker:default: Job OK (0a8b81ef-bcad-4890-846b-8d7b7b1cce84)
INFO:rq.worker:Result is kept for 500 seconds
INFO:rq.worker:default: Job OK (99dd79ac-a450-46c4-993b-4d9b0bb6c04c)
INFO:rq.worker:Result is kept for 500 seconds
INFO:rq.worker:default: Job OK (90df384b-7816-4e15-be30-56ee735e5e20)
INFO:rq.worker:Result is kept for 500 seconds
INFO:rq.worker:default: Job OK (345245d4-53b3-4115-84c6-bc7e57eab6b5)
INFO:rq.worker:Result is kept for 500 seconds
CRITICAL:newspaper.network:[REQUEST FAILED] 403 Client Error: Forbidden for url: http://especiais.g1.globo.com/
INFO:rq.worker:default: Job OK (166b5892-0eae-489e-be98-fbb393ead4d0)
INFO:rq.worker:Result is kept for 500 seconds
INFO:rq.worker:default: Job OK (f025709b-7dde-4a00-addf-974ab773ac7b)
INFO:rq.worker:Result is kept for 500 seconds
INFO:rq.worker:default: Job OK (cd63b764-38f2-42f0-bc4c-e9842722ec24)
INFO:rq.worker:Result is kept for 500 seconds
CRITICAL:newspaper.network:[REQUEST FAILED] 403 Client Error: Forbidden for url: http://especiais.g1.globo.com/
INFO:rq.worker:default: Job OK (9acbcd29-369e-4d53-a96d-83b32d97796f)
INFO:rq.worker:Result is kept for 500 seconds
CRITICAL:newspaper.network:[REQUEST FAILED] 403 Client Error: Forbidden for url: http://especiais.g1.globo.com/
INFO:rq.worker:default: Job OK (868aa75e-b8ff-4029-95e7-afc7bbb2693f)
INFO:rq.worker:Result is kept for 500 seconds
CRITICAL:newspaper.network:[REQUEST FAILED] 403 Client Error: FORBIDDEN for url: https://extranet.ecdc.europa.eu/
INFO:rq.worker:default: Job OK (b32723df-32fb-48f5-98e1-5ebcf0e789f1)
INFO:rq.worker:Result is kept for 500 seconds
INFO:rq.worker:default: Job OK (6d8971f5-9e82-493d-bcb6-67e48a7ab08b)
INFO:rq.worker:Result is kept for 500 seconds
CRITICAL:newspaper.network:[REQUEST FAILED] 403 Client Error: Forbidden for url: http://especiais.g1.globo.com/
INFO:rq.worker:default: Job OK (6169769c-c53d-47d2-b1a9-8335871d2a41)
INFO:rq.worker:Result is kept for 500 seconds
CRITICAL:newspaper.network:[REQUEST FAILED] HTTPConnectionPool(host='www.jn.pt', port=80): Read timed out. (read timeout=7)
INFO:rq.worker:default: Job OK (5957e030-c85f-49e8-9f96-3221e1a41d88)
INFO:rq.worker:Result is kept for 500 seconds
CRITICAL:newspaper.network:[REQUEST FAILED] HTTPConnectionPool(host='www.dn.pt', port=80): Read timed out. (read timeout=7)
INFO:rq.worker:default: Job OK (df067d46-6d00-4551-afb1-ae61cdac672d)
INFO:rq.worker:Result is kept for 500 seconds
INFO:rq.worker:default: Job OK (a636bc37-0e02-4ae1-b695-eaa4e49b6779)
INFO:rq.worker:Result is kept for 500 seconds
CRITICAL:newspaper.network:[REQUEST FAILED] 403 Client Error: Forbidden for url: http://especiais.g1.globo.com/
INFO:rq.worker:default: Job OK (e216a429-d378-4c57-9c1f-f85b3626a5e3)
INFO:rq.worker:Result is kept for 500 seconds
CRITICAL:newspaper.network:[REQUEST FAILED] 403 Client Error: Forbidden for url: http://especiais.g1.globo.com/
INFO:rq.worker:default: Job OK (53f721d6-6b72-4052-bed6-48e4aeb48d58)
INFO:rq.worker:Result is kept for 500 seconds
CRITICAL:newspaper.network:[REQUEST FAILED] 403 Client Error: Forbidden for url: http://especiais.g1.globo.com/
INFO:rq.worker:default: Job OK (4cb8c382-a9cb-47e4-976d-bd79d1a8b5c6)
INFO:rq.worker:Result is kept for 500 seconds
CRITICAL:newspaper.network:[REQUEST FAILED] 403 Client Error: Forbidden for url: http://especiais.g1.globo.com/
INFO:rq.worker:default: Job OK (9e03de12-c76e-4626-a0a2-303cbf1d4f29)
INFO:rq.worker:Result is kept for 500 seconds
INFO:rq.worker:default: Job OK (97c4ca45-be8d-4488-b0ca-88404b2dd8e4)
INFO:rq.worker:Result is kept for 500 seconds
CRITICAL:newspaper.network:[REQUEST FAILED] 403 Client Error: Forbidden for url: http://especiais.g1.globo.com/
INFO:rq.worker:default: Job OK (c01b08c8-9290-4fca-8a40-6c846fb6555e)
INFO:rq.worker:Result is kept for 500 seconds
CRITICAL:newspaper.network:[REQUEST FAILED] 403 Client Error: Forbidden for url: http://especiais.g1.globo.com/
INFO:rq.worker:default: Job OK (8985765b-7047-4932-a505-a427337bae90)
INFO:rq.worker:Result is kept for 500 seconds
CRITICAL:newspaper.network:[REQUEST FAILED] 403 Client Error: Forbidden for url: http://blogs.correio24horas.com.br/
INFO:rq.worker:default: Job OK (6fca7aa7-d487-4290-a91d-6dfa42667a78)
INFO:rq.worker:Result is kept for 500 seconds
CRITICAL:newspaper.network:[REQUEST FAILED] HTTPConnectionPool(host='vip.cenariomt.com.br', port=80): Read timed out. (read timeout=7)
INFO:rq.worker:default: Job OK (02e5d92d-b3ae-46b8-9564-b7e78af0ea8a)
INFO:rq.worker:Result is kept for 500 seconds
INFO:rq.worker:default: Job OK (56317dfe-3bea-450e-b359-a940997c4027)
INFO:rq.worker:Result is kept for 500 seconds
INFO:rq.worker:default: Job OK (53a2fc88-b593-45b5-abb1-c3b33706e106)
INFO:rq.worker:Result is kept for 500 seconds
INFO:rq.worker:default: Job OK (0acc58d5-5a45-491f-88dd-6dffe3a04ede)
INFO:rq.worker:Result is kept for 500 seconds
INFO:rq.worker:default: Job OK (8b883164-b5e5-48d7-9b2f-3cd7c9f6e4eb)
INFO:rq.worker:Result is kept for 500 seconds
CRITICAL:newspaper.network:[REQUEST FAILED] 404 Client Error: Not Found for url: http://noticias.r7.com/cursos.r7.com
CRITICAL:newspaper.network:[REQUEST FAILED] HTTPConnectionPool(host='recordprogramas.ir7.com.br', port=80): Max retries exceeded with url: /rss.xml (Caused by NewConnectionError('<requests.packages.urllib3.connection.HTTPConnection object at 0x110929dd8>: Failed to establish a new connection: [Errno 8] nodename nor servname provided, or not known',))
INFO:rq.worker:default: Job OK (7d4789e9-9ac3-45ba-8583-53dbdd011e0f)
INFO:rq.worker:Result is kept for 500 seconds
CRITICAL:newspaper.network:[REQUEST FAILED] 404 Client Error: Not Found for url: http://noticias.r7.com/cursos.r7.com
CRITICAL:newspaper.network:[REQUEST FAILED] HTTPConnectionPool(host='recordprogramas.ir7.com.br', port=80): Max retries exceeded with url: /rss.xml (Caused by NewConnectionError('<requests.packages.urllib3.connection.HTTPConnection object at 0x118ce1e48>: Failed to establish a new connection: [Errno 8] nodename nor servname provided, or not known',))
CRITICAL:newspaper.network:[REQUEST FAILED] 404 Client Error: Not Found for url: http://noticias.r7.com/cursos.r7.com
CRITICAL:newspaper.network:[REQUEST FAILED] HTTPConnectionPool(host='recordprogramas.ir7.com.br', port=80): Max retries exceeded with url: /rss.xml (Caused by NewConnectionError('<requests.packages.urllib3.connection.HTTPConnection object at 0x1194219e8>: Failed to establish a new connection: [Errno 8] nodename nor servname provided, or not known',))
CRITICAL:newspaper.network:[REQUEST FAILED] 404 Client Error: Not Found for url: http://noticias.r7.com/cursos.r7.com
CRITICAL:newspaper.network:[REQUEST FAILED] HTTPConnectionPool(host='recordprogramas.ir7.com.br', port=80): Max retries exceeded with url: /rss.xml (Caused by NewConnectionError('<requests.packages.urllib3.connection.HTTPConnection object at 0x1180ba0b8>: Failed to establish a new connection: [Errno 8] nodename nor servname provided, or not known',))
CRITICAL:newspaper.network:[REQUEST FAILED] 404 Client Error: Not Found for url: http://noticias.r7.com/cursos.r7.com
CRITICAL:newspaper.network:[REQUEST FAILED] HTTPConnectionPool(host='recordprogramas.ir7.com.br', port=80): Max retries exceeded with url: /rss.xml (Caused by NewConnectionError('<requests.packages.urllib3.connection.HTTPConnection object at 0x117be1320>: Failed to establish a new connection: [Errno 8] nodename nor servname provided, or not known',))
CRITICAL:newspaper.network:[REQUEST FAILED] 404 Client Error: Not Found for url: http://noticias.r7.com/cursos.r7.com
CRITICAL:newspaper.network:[REQUEST FAILED] HTTPConnectionPool(host='recordprogramas.ir7.com.br', port=80): Max retries exceeded with url: /rss.xml (Caused by NewConnectionError('<requests.packages.urllib3.connection.HTTPConnection object at 0x118630ef0>: Failed to establish a new connection: [Errno 8] nodename nor servname provided, or not known',))
CRITICAL:newspaper.network:[REQUEST FAILED] 404 Client Error: Not Found for url: http://noticias.r7.com/cursos.r7.com
CRITICAL:newspaper.network:[REQUEST FAILED] HTTPConnectionPool(host='recordprogramas.ir7.com.br', port=80): Max retries exceeded with url: /rss.xml (Caused by NewConnectionError('<requests.packages.urllib3.connection.HTTPConnection object at 0x1132e9438>: Failed to establish a new connection: [Errno 8] nodename nor servname provided, or not known',))
CRITICAL:newspaper.network:[REQUEST FAILED] 404 Client Error: Not Found for url: http://noticias.r7.com/cursos.r7.com
CRITICAL:newspaper.network:[REQUEST FAILED] HTTPConnectionPool(host='recordprogramas.ir7.com.br', port=80): Max retries exceeded with url: /rss.xml (Caused by NewConnectionError('<requests.packages.urllib3.connection.HTTPConnection object at 0x113ad3518>: Failed to establish a new connection: [Errno 8] nodename nor servname provided, or not known',))
CRITICAL:newspaper.network:[REQUEST FAILED] 404 Client Error: Not Found for url: http://noticias.r7.com/cursos.r7.com
CRITICAL:newspaper.network:[REQUEST FAILED] HTTPConnectionPool(host='recordprogramas.ir7.com.br', port=80): Max retries exceeded with url: /rss.xml (Caused by NewConnectionError('<requests.packages.urllib3.connection.HTTPConnection object at 0x10f7ea0f0>: Failed to establish a new connection: [Errno 8] nodename nor servname provided, or not known',))
CRITICAL:newspaper.network:[REQUEST FAILED] 404 Client Error: Not Found for url: http://noticias.r7.com/cursos.r7.com
CRITICAL:newspaper.network:[REQUEST FAILED] HTTPConnectionPool(host='recordprogramas.ir7.com.br', port=80): Max retries exceeded with url: /rss.xml (Caused by NewConnectionError('<requests.packages.urllib3.connection.HTTPConnection object at 0x10ff788d0>: Failed to establish a new connection: [Errno 8] nodename nor servname provided, or not known',))
CRITICAL:newspaper.network:[REQUEST FAILED] 404 Client Error: Not Found for url: http://noticias.r7.com/cursos.r7.com
CRITICAL:newspaper.network:[REQUEST FAILED] HTTPConnectionPool(host='recordprogramas.ir7.com.br', port=80): Max retries exceeded with url: /rss.xml (Caused by NewConnectionError('<requests.packages.urllib3.connection.HTTPConnection object at 0x117816390>: Failed to establish a new connection: [Errno 8] nodename nor servname provided, or not known',))
CRITICAL:newspaper.network:[REQUEST FAILED] 404 Client Error: Not Found for url: http://noticias.r7.com/cursos.r7.com
CRITICAL:newspaper.network:[REQUEST FAILED] HTTPConnectionPool(host='recordprogramas.ir7.com.br', port=80): Max retries exceeded with url: /rss.xml (Caused by NewConnectionError('<requests.packages.urllib3.connection.HTTPConnection object at 0x11930bef0>: Failed to establish a new connection: [Errno 8] nodename nor servname provided, or not known',))
CRITICAL:newspaper.network:[REQUEST FAILED] 404 Client Error: Not Found for url: http://noticias.r7.com/cursos.r7.com
CRITICAL:newspaper.network:[REQUEST FAILED] HTTPConnectionPool(host='recordprogramas.ir7.com.br', port=80): Max retries exceeded with url: /rss.xml (Caused by NewConnectionError('<requests.packages.urllib3.connection.HTTPConnection object at 0x10e662cf8>: Failed to establish a new connection: [Errno 8] nodename nor servname provided, or not known',))
CRITICAL:newspaper.network:[REQUEST FAILED] 404 Client Error: Not Found for url: http://noticias.r7.com/cursos.r7.com
CRITICAL:newspaper.network:[REQUEST FAILED] HTTPConnectionPool(host='recordprogramas.ir7.com.br', port=80): Max retries exceeded with url: /rss.xml (Caused by NewConnectionError('<requests.packages.urllib3.connection.HTTPConnection object at 0x119c15828>: Failed to establish a new connection: [Errno 8] nodename nor servname provided, or not known',))
CRITICAL:newspaper.network:[REQUEST FAILED] 404 Client Error: Not Found for url: http://noticias.r7.com/cursos.r7.com
CRITICAL:newspaper.network:[REQUEST FAILED] HTTPConnectionPool(host='recordprogramas.ir7.com.br', port=80): Max retries exceeded with url: /rss.xml (Caused by NewConnectionError('<requests.packages.urllib3.connection.HTTPConnection object at 0x10d99ed68>: Failed to establish a new connection: [Errno 8] nodename nor servname provided, or not known',))
CRITICAL:newspaper.network:[REQUEST FAILED] 404 Client Error: Not Found for url: http://noticias.r7.com/cursos.r7.com
CRITICAL:newspaper.network:[REQUEST FAILED] HTTPConnectionPool(host='recordprogramas.ir7.com.br', port=80): Max retries exceeded with url: /rss.xml (Caused by NewConnectionError('<requests.packages.urllib3.connection.HTTPConnection object at 0x10e07c320>: Failed to establish a new connection: [Errno 8] nodename nor servname provided, or not known',))
